2021-03-18 10:27:54,960 DEBUG [http-nio-8080-exec-1] [c.d.d.m.U.findByEmail                   :137 ] ==>  Preparing: SELECT * FROM T_USER_INFO WHERE email = ?
2021-03-18 10:27:54,985 DEBUG [http-nio-8080-exec-1] [c.d.d.m.U.findByEmail                   :137 ] ==> Parameters: 2pro.jlee@gmail.com(String)
2021-03-18 10:27:55,019 DEBUG [http-nio-8080-exec-1] [c.d.d.m.U.findByEmail                   :137 ] <==      Total: 1
2021-03-18 10:27:58,730 DEBUG [http-nio-8080-exec-3] [c.d.d.m.U.findById                      :137 ] ==>  Preparing: SELECT * FROM T_USER_INFO WHERE user_id = ?
2021-03-18 10:27:58,732 DEBUG [http-nio-8080-exec-3] [c.d.d.m.U.findById                      :137 ] ==> Parameters: 5(Integer)
2021-03-18 10:27:58,737 DEBUG [http-nio-8080-exec-3] [c.d.d.m.U.findById                      :137 ] <==      Total: 1
2021-03-18 10:27:58,758 DEBUG [http-nio-8080-exec-3] [c.d.d.m.D.findAllDiary                  :137 ] ==>  Preparing: SELECT * FROM T_DIARY WHERE user_id = ?
2021-03-18 10:27:58,759 DEBUG [http-nio-8080-exec-3] [c.d.d.m.D.findAllDiary                  :137 ] ==> Parameters: 5(Integer)
2021-03-18 10:27:58,768 DEBUG [http-nio-8080-exec-3] [c.d.d.m.D.findAllDiary                  :137 ] <==      Total: 6
2021-03-18 10:31:59,529 DEBUG [http-nio-8080-exec-2] [c.d.d.m.U.findByEmail                   :137 ] ==>  Preparing: SELECT * FROM T_USER_INFO WHERE email = ?
2021-03-18 10:31:59,553 DEBUG [http-nio-8080-exec-2] [c.d.d.m.U.findByEmail                   :137 ] ==> Parameters: 2pro.jlee@gmail.com(String)
2021-03-18 10:31:59,573 DEBUG [http-nio-8080-exec-2] [c.d.d.m.U.findByEmail                   :137 ] <==      Total: 1
2021-03-18 10:32:02,596 DEBUG [http-nio-8080-exec-6] [c.d.d.m.U.findById                      :137 ] ==>  Preparing: SELECT * FROM T_USER_INFO WHERE user_id = ?
2021-03-18 10:32:02,597 DEBUG [http-nio-8080-exec-6] [c.d.d.m.U.findById                      :137 ] ==> Parameters: 5(Integer)
2021-03-18 10:32:02,606 DEBUG [http-nio-8080-exec-6] [c.d.d.m.U.findById                      :137 ] <==      Total: 1
2021-03-18 10:32:02,641 DEBUG [http-nio-8080-exec-6] [c.d.d.m.D.findAllDiary                  :137 ] ==>  Preparing: SELECT * FROM T_DIARY WHERE user_id = ?
2021-03-18 10:32:02,642 DEBUG [http-nio-8080-exec-6] [c.d.d.m.D.findAllDiary                  :137 ] ==> Parameters: 5(Integer)
2021-03-18 10:32:02,651 DEBUG [http-nio-8080-exec-6] [c.d.d.m.D.findAllDiary                  :137 ] <==      Total: 6
2021-03-18 10:33:33,831 DEBUG [http-nio-8080-exec-4] [c.d.d.m.U.findByEmail                   :137 ] ==>  Preparing: SELECT * FROM T_USER_INFO WHERE email = ?
2021-03-18 10:33:33,845 DEBUG [http-nio-8080-exec-4] [c.d.d.m.U.findByEmail                   :137 ] ==> Parameters: 2pro.jlee@gmail.com(String)
2021-03-18 10:33:33,866 DEBUG [http-nio-8080-exec-4] [c.d.d.m.U.findByEmail                   :137 ] <==      Total: 1
2021-03-18 10:33:38,004 DEBUG [http-nio-8080-exec-6] [c.d.d.m.U.findById                      :137 ] ==>  Preparing: SELECT * FROM T_USER_INFO WHERE user_id = ?
2021-03-18 10:33:38,005 DEBUG [http-nio-8080-exec-6] [c.d.d.m.U.findById                      :137 ] ==> Parameters: 5(Integer)
2021-03-18 10:33:38,013 DEBUG [http-nio-8080-exec-6] [c.d.d.m.U.findById                      :137 ] <==      Total: 1
2021-03-18 10:33:38,039 DEBUG [http-nio-8080-exec-6] [c.d.d.m.D.findAllDiary                  :137 ] ==>  Preparing: SELECT * FROM T_DIARY WHERE user_id = ?
2021-03-18 10:33:38,039 DEBUG [http-nio-8080-exec-6] [c.d.d.m.D.findAllDiary                  :137 ] ==> Parameters: 5(Integer)
2021-03-18 10:33:38,046 DEBUG [http-nio-8080-exec-6] [c.d.d.m.D.findAllDiary                  :137 ] <==      Total: 6
2021-03-18 10:35:05,470 DEBUG [http-nio-8080-exec-3] [c.d.d.m.U.findByEmail                   :137 ] ==>  Preparing: SELECT * FROM T_USER_INFO WHERE email = ?
2021-03-18 10:35:05,489 DEBUG [http-nio-8080-exec-3] [c.d.d.m.U.findByEmail                   :137 ] ==> Parameters: 2pro.jlee@gmail.com(String)
2021-03-18 10:35:05,507 DEBUG [http-nio-8080-exec-3] [c.d.d.m.U.findByEmail                   :137 ] <==      Total: 1
2021-03-18 10:35:08,715 DEBUG [http-nio-8080-exec-1] [c.d.d.m.U.findById                      :137 ] ==>  Preparing: SELECT * FROM T_USER_INFO WHERE user_id = ?
2021-03-18 10:35:08,716 DEBUG [http-nio-8080-exec-1] [c.d.d.m.U.findById                      :137 ] ==> Parameters: 5(Integer)
2021-03-18 10:35:08,723 DEBUG [http-nio-8080-exec-1] [c.d.d.m.U.findById                      :137 ] <==      Total: 1
2021-03-18 10:35:08,747 DEBUG [http-nio-8080-exec-1] [c.d.d.m.D.findAllDiary                  :137 ] ==>  Preparing: SELECT * FROM T_DIARY WHERE user_id = ?
2021-03-18 10:35:08,748 DEBUG [http-nio-8080-exec-1] [c.d.d.m.D.findAllDiary                  :137 ] ==> Parameters: 5(Integer)
2021-03-18 10:35:08,755 DEBUG [http-nio-8080-exec-1] [c.d.d.m.D.findAllDiary                  :137 ] <==      Total: 6
